0 -> 0
time read: 0.074582
time coo to csr: 0.003717
pnum_0,/home/jim/Data/graphs/matrices_openFoam/100K.mtx,8,102400,102400,510720,0.136311,0.959165,6.23536,0,0.00661937,0.000401694
Test failed! (6)
2 -> 1
time read: 0.108464
time coo to csr: 0.003420
pnum_2,/home/jim/Data/graphs/matrices_openFoam/100K.mtx,8,102400,102400,510720,0.141737,0.922441,6.23536,0,0.00691896,0.000332542
Test failed! (6)
3 -> 5
time read: 0.077014
time coo to csr: 0.003651
pnum_3,/home/jim/Data/graphs/matrices_openFoam/100K.mtx,8,102400,102400,510720,0.166243,0.786466,6.23536,0,0.00713385,0.000570394
Test failed! (6)
6 -> 3
time read: 0.101575
time coo to csr: 0.003495
pnum_6,/home/jim/Data/graphs/matrices_openFoam/100K.mtx,8,102400,102400,510720,0.154916,0.843971,6.23536,0,0.026869,0.001766
Test failed! (6)
4 -> 2
time read: 0.102964
time coo to csr: 0.003542
pnum_4,/home/jim/Data/graphs/matrices_openFoam/100K.mtx,8,102400,102400,510720,0.157812,0.82848,6.23536,0,0.0269641,0.00172258
Test failed! (6)
1 -> 4
time read: 0.091729
time coo to csr: 0.004475
pnum_1,/home/jim/Data/graphs/matrices_openFoam/100K.mtx,8,102400,102400,510720,0.171419,0.762719,6.23536,0,0.0272639,0.00171804
Test failed! (6)
5 -> 6
time read: 0.079643
time coo to csr: 0.003770
pnum_5,/home/jim/Data/graphs/matrices_openFoam/100K.mtx,8,102400,102400,510720,0.171757,0.761215,6.23536,0,0.0272921,0.00185635
Test failed! (6)
7 -> 7
time read: 0.080000
time coo to csr: 0.003493
pnum_7,/home/jim/Data/graphs/matrices_openFoam/100K.mtx,8,102400,102400,510720,0.177996,0.734535,6.23536,0,0.0272644,0.00181575
Test failed! (6)
